<?xml version="1.0" encoding="UTF-8"?>
<testsuites name="TL_Amazon_Test Suite" time="50.076" tests="1" failures="0" errors="0">
   <testsuite name="TL_Amazon_Test Suite" tests="1" failures="0" errors="0" time="50.076" skipped="0" timestamp="29-01-2024T22:05:28" hostname="nsdan - Nru707" id="Test Suites/TL_Amazon_add_to_cart_testsuite/TL_Amazon_Test Suite">
      <properties>
         <property name="deviceName" value=""/>
         <property name="devicePlatform" value=""/>
         <property name="logFolder" value="C:\\Users\\nsdan\\Katalon Studio\\Amazon Automation testing project\\Reports\\20240129_220511\\TL_Amazon_add_to_cart_testsuite\\TL_Amazon_Test Suite\\20240129_220511"/>
         <property name="logFiles" value="C:\\Users\\nsdan\\Katalon Studio\\Amazon Automation testing project\\Reports\\20240129_220511\\TL_Amazon_add_to_cart_testsuite\\TL_Amazon_Test Suite\\20240129_220511\\execution0.log"/>
         <property name="attachments" value=""/>
         <property name="hostName" value="nsdan - Nru707"/>
         <property name="os" value="Windows 11 64bit"/>
         <property name="katalonVersion" value="9.2.0.212"/>
         <property name="browser" value="Chrome 120.0.0.0"/>
         <property name="hostAddress" value="169.254.36.135"/>
         <property name="sessionId" value="ebadb0c76cc8cc64062661363fc68655"/>
         <property name="seleniumVersion" value="3.141.59"/>
         <property name="proxyInformation" value="ProxyInformation { proxyOption=NO_PROXY, proxyServerType=HTTP, username=, password=********, proxyServerAddress=, proxyServerPort=0, executionList=&quot;&quot;, isApplyToDesiredCapabilities=true }"/>
         <property name="platform" value="Windows 11"/>
      </properties>
      <testcase name="Test Cases/Test_Listeners_Cases/TL_Add_To_Cart_confirmation_TC001" time="46.142" classname="Test Cases/Test_Listeners_Cases/TL_Add_To_Cart_confirmation_TC001" status="PASSED">
         <system-out><![CDATA[29-01-2024T22:05:31 - [TEST_CASE][PASSED] - Test Cases/Test_Listeners_Cases/TL_Add_To_Cart_confirmation_TC001: Test Cases/Test_Listeners_Cases/TL_Add_To_Cart_confirmation_TC001

29-01-2024T22:05:32 - [TEST_STEP][PASSED] - Start listener action : sampleBeforeTestCase: Object: 'Object Repository/TL_Amazon_add_to_cart_TC001/Page_Amazon Sign-In/inputsignInSubmit' is clicked on

29-01-2024T22:05:32 - [TEST_STEP][PASSED] - click(findTestObject("Object Repository/TL_Amazon_add_to_cart_TC001/Page_Amazon.com. Spend less. Smile more/span_Hello, sign in")): Object: 'Object Repository/TL_Amazon_add_to_cart_TC001/Page_Amazon.com. Spend less. Smile more/span_Hello, sign in' is clicked on

29-01-2024T22:05:45 - [MESSAGE][PASSED] - Object: 'Object Repository/TL_Amazon_add_to_cart_TC001/Page_Amazon.com. Spend less. Smile more/span_Hello, sign in' is clicked on

29-01-2024T22:05:45 - [TEST_STEP][PASSED] - setText(findTestObject("Object Repository/TL_Amazon_add_to_cart_TC001/Page_Amazon Sign-In/input_email"), "nru08028@gmail.com"): Text 'nru08028@gmail.com' is set on object 'Object Repository/TL_Amazon_add_to_cart_TC001/Page_Amazon Sign-In/input_email'

29-01-2024T22:05:46 - [MESSAGE][PASSED] - Text 'nru08028@gmail.com' is set on object 'Object Repository/TL_Amazon_add_to_cart_TC001/Page_Amazon Sign-In/input_email'

29-01-2024T22:05:46 - [TEST_STEP][PASSED] - click(findTestObject("Object Repository/TL_Amazon_add_to_cart_TC001/Page_Amazon Sign-In/inputcontinue")): Object: 'Object Repository/TL_Amazon_add_to_cart_TC001/Page_Amazon Sign-In/inputcontinue' is clicked on

29-01-2024T22:05:48 - [MESSAGE][PASSED] - Object: 'Object Repository/TL_Amazon_add_to_cart_TC001/Page_Amazon Sign-In/inputcontinue' is clicked on

29-01-2024T22:05:48 - [TEST_STEP][PASSED] - setEncryptedText(findTestObject("Object Repository/TL_Amazon_add_to_cart_TC001/Page_Amazon Sign-In/input_password"), "G74V49Pg4522B1vm99sENQ=="): Text ****** has been set on object 'Object Repository/TL_Amazon_add_to_cart_TC001/Page_Amazon Sign-In/input_password'

29-01-2024T22:05:49 - [MESSAGE][PASSED] - Text ****** has been set on object 'Object Repository/TL_Amazon_add_to_cart_TC001/Page_Amazon Sign-In/input_password'

29-01-2024T22:05:49 - [TEST_STEP][PASSED] - click(findTestObject("Object Repository/TL_Amazon_add_to_cart_TC001/Page_Amazon Sign-In/inputsignInSubmit")): Object: 'Object Repository/TL_Amazon_add_to_cart_TC001/Page_Amazon Sign-In/inputsignInSubmit' is clicked on

29-01-2024T22:05:50 - [MESSAGE][PASSED] - Object: 'Object Repository/TL_Amazon_add_to_cart_TC001/Page_Amazon Sign-In/inputsignInSubmit' is clicked on

29-01-2024T22:05:50 - [TEST_STEP][PASSED] - setText(findTestObject("Object Repository/TL_Amazon_add_to_cart_TC001/Page_Amazon.com. Spend less. Smile more/input_field-keywords"), "chemistry book"): Text 'chemistry book' is set on object 'Object Repository/TL_Amazon_add_to_cart_TC001/Page_Amazon.com. Spend less. Smile more/input_field-keywords'

29-01-2024T22:05:54 - [MESSAGE][PASSED] - Text 'chemistry book' is set on object 'Object Repository/TL_Amazon_add_to_cart_TC001/Page_Amazon.com. Spend less. Smile more/input_field-keywords'

29-01-2024T22:05:54 - [TEST_STEP][PASSED] - click(findTestObject("Object Repository/TL_Amazon_add_to_cart_TC001/Page_Amazon.com. Spend less. Smile more/inputnav-search-submit-button")): Object: 'Object Repository/TL_Amazon_add_to_cart_TC001/Page_Amazon.com. Spend less. Smile more/inputnav-search-submit-button' is clicked on

29-01-2024T22:06:02 - [MESSAGE][PASSED] - Object: 'Object Repository/TL_Amazon_add_to_cart_TC001/Page_Amazon.com. Spend less. Smile more/inputnav-search-submit-button' is clicked on

29-01-2024T22:06:02 - [TEST_STEP][PASSED] - click(findTestObject("Object Repository/TL_Amazon_add_to_cart_TC001/Page_Amazon.com  chemistry book/span_AP Chemistry Premium, 2024 6 Practice _66fc73")): Object: 'Object Repository/TL_Amazon_add_to_cart_TC001/Page_Amazon.com  chemistry book/span_AP Chemistry Premium, 2024 6 Practice _66fc73' is clicked on

29-01-2024T22:06:09 - [MESSAGE][PASSED] - Object: 'Object Repository/TL_Amazon_add_to_cart_TC001/Page_Amazon.com  chemistry book/span_AP Chemistry Premium, 2024 6 Practice _66fc73' is clicked on

29-01-2024T22:06:09 - [TEST_STEP][PASSED] - click(findTestObject("Amazon_add_to_cart_004/Page_The Da Vinci Code (Robert Langdon) Bro_e0923b/input_submit.add-to-cart")): Object: 'Object Repository/Amazon_add_to_cart_004/Page_The Da Vinci Code (Robert Langdon) Bro_e0923b/input_submit.add-to-cart' is clicked on

29-01-2024T22:06:12 - [MESSAGE][PASSED] - Object: 'Object Repository/Amazon_add_to_cart_004/Page_The Da Vinci Code (Robert Langdon) Bro_e0923b/input_submit.add-to-cart' is clicked on

29-01-2024T22:06:12 - [TEST_STEP][PASSED] - verifyElementText(findTestObject("Object Repository/TL_Amazon_add_to_cart_TC001/Page_Amazon.com Shopping Cart/span_Added to Cart"), "Added to Cart"): Actual text and expected text of test object 'Object Repository/TL_Amazon_add_to_cart_TC001/Page_Amazon.com Shopping Cart/span_Added to Cart' are matched.

29-01-2024T22:06:14 - [MESSAGE][PASSED] - Actual text and expected text of test object 'Object Repository/TL_Amazon_add_to_cart_TC001/Page_Amazon.com Shopping Cart/span_Added to Cart' are matched.

29-01-2024T22:06:14 - [TEST_STEP][PASSED] - Start listener action : sampleAfterTestCase: Object: 'Object Repository/TL_Amazon_add_to_cart_TC001/Page_Amazon.com Shopping Cart/a_Sign Out' is clicked on

29-01-2024T22:06:14 - [TEST_STEP][PASSED] - click(findTestObject("Object Repository/TL_Amazon_add_to_cart_TC001/Page_Amazon.com Shopping Cart/i_hm-icon nav-sprite")): Object: 'Object Repository/TL_Amazon_add_to_cart_TC001/Page_Amazon.com Shopping Cart/i_hm-icon nav-sprite' is clicked on

29-01-2024T22:06:15 - [MESSAGE][PASSED] - Object: 'Object Repository/TL_Amazon_add_to_cart_TC001/Page_Amazon.com Shopping Cart/i_hm-icon nav-sprite' is clicked on

29-01-2024T22:06:15 - [TEST_STEP][PASSED] - click(findTestObject("Object Repository/TL_Amazon_add_to_cart_TC001/Page_Amazon.com Shopping Cart/a_Sign Out")): Object: 'Object Repository/TL_Amazon_add_to_cart_TC001/Page_Amazon.com Shopping Cart/a_Sign Out' is clicked on

29-01-2024T22:06:18 - [MESSAGE][PASSED] - Object: 'Object Repository/TL_Amazon_add_to_cart_TC001/Page_Amazon.com Shopping Cart/a_Sign Out' is clicked on]]></system-out>
         <system-err><![CDATA[]]></system-err>
      </testcase>
      <system-out><![CDATA[29-01-2024T22:05:28 - [TEST_SUITE][PASSED] - TL_Amazon_Test Suite: Test Cases/Test_Listeners_Cases/TL_Add_To_Cart_confirmation_TC001]]></system-out>
      <system-err><![CDATA[]]></system-err>
   </testsuite>
</testsuites>
